  Flappy.cpp
C:\Users\RDx\Desktop\Flappy\Flappy\Flappy.cpp(118,30): warning C4244: 'argument': conversion from 'int' to 'float', possible loss of data
C:\Users\RDx\Desktop\Flappy\Flappy\Flappy.cpp(128,38): warning C4244: 'argument': conversion from 'int' to 'float', possible loss of data
C:\Users\RDx\Desktop\Flappy\Flappy\Flappy.cpp(128,28): warning C4244: 'argument': conversion from 'int' to 'float', possible loss of data
C:\Users\RDx\Desktop\Flappy\Flappy\Flappy.cpp(137,26): warning C4305: 'argument': truncation from 'double' to 'float'
C:\Users\RDx\Desktop\Flappy\Flappy\Flappy.cpp(137,21): warning C4305: 'argument': truncation from 'double' to 'float'
C:\Users\RDx\Desktop\Flappy\Flappy\Flappy.cpp(152,42): warning C4244: 'argument': conversion from 'int' to 'float', possible loss of data
C:\Users\RDx\Desktop\Flappy\Flappy\Flappy.cpp(166,42): warning C4244: 'argument': conversion from 'int' to 'float', possible loss of data
C:\Users\RDx\Desktop\Flappy\Flappy\Flappy.cpp(178,42): warning C4244: 'argument': conversion from 'int' to 'float', possible loss of data
C:\Users\RDx\Desktop\Flappy\Flappy\Flappy.cpp(192,28): warning C4305: 'argument': truncation from 'double' to 'float'
C:\Users\RDx\Desktop\Flappy\Flappy\Flappy.cpp(192,23): warning C4305: 'argument': truncation from 'double' to 'float'
C:\Users\RDx\Desktop\Flappy\Flappy\Flappy.cpp(218,17): warning C4305: 'argument': truncation from 'double' to 'float'
C:\Users\RDx\Desktop\Flappy\Flappy\Flappy.cpp(218,12): warning C4305: 'argument': truncation from 'double' to 'float'
C:\Users\RDx\Desktop\Flappy\Flappy\Flappy.cpp(228,24): warning C4305: 'argument': truncation from 'double' to 'float'
C:\Users\RDx\Desktop\Flappy\Flappy\Flappy.cpp(228,19): warning C4305: 'argument': truncation from 'double' to 'float'
C:\Users\RDx\Desktop\Flappy\Flappy\Flappy.cpp(419,28): warning C4244: '-=': conversion from 'float' to 'int', possible loss of data
C:\Users\RDx\Desktop\Flappy\Flappy\Flappy.cpp(419,41): warning C4244: 'argument': conversion from 'int' to 'float', possible loss of data
C:\Users\RDx\Desktop\Flappy\Flappy\Flappy.cpp(419,25): warning C4244: 'argument': conversion from 'int' to 'float', possible loss of data
C:\Users\RDx\Desktop\Flappy\Flappy\Flappy.cpp(420,29): warning C4244: '-=': conversion from 'float' to 'int', possible loss of data
C:\Users\RDx\Desktop\Flappy\Flappy\Flappy.cpp(420,42): warning C4244: 'argument': conversion from 'int' to 'float', possible loss of data
C:\Users\RDx\Desktop\Flappy\Flappy\Flappy.cpp(420,26): warning C4244: 'argument': conversion from 'int' to 'float', possible loss of data
C:\Users\RDx\Desktop\Flappy\Flappy\Flappy.cpp(461,15): warning C4244: 'initializing': conversion from 'float' to 'int', possible loss of data
C:\Users\RDx\Desktop\Flappy\Flappy\Flappy.cpp(465,38): warning C4244: 'argument': conversion from 'int' to 'float', possible loss of data
C:\Users\RDx\Desktop\Flappy\Flappy\Flappy.cpp(466,39): warning C4244: 'argument': conversion from 'int' to 'float', possible loss of data
C:\Users\RDx\Desktop\Flappy\Flappy\Flappy.cpp(470,38): warning C4244: 'argument': conversion from 'int' to 'float', possible loss of data
C:\Users\RDx\Desktop\Flappy\Flappy\Flappy.cpp(471,39): warning C4244: 'argument': conversion from 'int' to 'float', possible loss of data
C:\Users\RDx\Desktop\Flappy\Flappy\Flappy.cpp(475,38): warning C4244: 'argument': conversion from 'int' to 'float', possible loss of data
C:\Users\RDx\Desktop\Flappy\Flappy\Flappy.cpp(476,39): warning C4244: 'argument': conversion from 'int' to 'float', possible loss of data
  Flappy.vcxproj -> C:\Users\RDx\Desktop\Flappy\x64\Debug\Flappy.exe
